<?xml version="1.0" encoding="UTF-8"?>
<testng-results ignored="0" total="1" passed="1" failed="0" skipped="0">
  <reporter-output>
  </reporter-output>
  <suite started-at="2024-02-20T14:08:59 IST" name="Default suite" finished-at="2024-02-20T14:09:23 IST" duration-ms="24608">
    <groups>
    </groups>
    <test started-at="2024-02-20T14:08:59 IST" name="Default test" finished-at="2024-02-20T14:09:23 IST" duration-ms="24608">
      <class name="appiumtests.OpenCalculator">
        <test-method signature="Test()[pri:0, instance:appiumtests.OpenCalculator@60bd273d]" started-at="2024-02-20T14:08:59 IST" name="Test" finished-at="2024-02-20T14:09:23 IST" duration-ms="24567" status="PASS">
          <reporter-output>
          </reporter-output>
        </test-method> <!-- Test -->
      </class> <!-- appiumtests.OpenCalculator -->
    </test> <!-- Default test -->
  </suite> <!-- Default suite -->
</testng-results>
