<?xml version="1.0" encoding="UTF-8"?>
<testng-results ignored="0" total="1" passed="0" failed="1" skipped="0">
  <reporter-output>
  </reporter-output>
  <suite started-at="2024-09-12T15:48:38 IST" name="Default suite" finished-at="2024-09-12T15:48:39 IST" duration-ms="58">
    <groups>
    </groups>
    <test started-at="2024-09-12T15:48:38 IST" name="Default test" finished-at="2024-09-12T15:48:39 IST" duration-ms="58">
      <class name="appiumtests.OpenCalculator">
        <test-method signature="Test()[pri:0, instance:appiumtests.OpenCalculator@6440112d]" started-at="2024-09-12T15:48:39 IST" name="Test" finished-at="2024-09-12T15:48:39 IST" duration-ms="16" status="FAIL">
          <exception class="java.lang.AbstractMethodError">
            <message>
              <![CDATA[Receiver class io.appium.java_client.service.local.AppiumServiceBuilder does not define or inherit an implementation of the resolved method 'abstract void loadSystemProperties()' of abstract class org.openqa.selenium.remote.service.DriverService$Builder.]]>
            </message>
            <full-stacktrace>
              <![CDATA[java.lang.AbstractMethodError: Receiver class io.appium.java_client.service.local.AppiumServiceBuilder does not define or inherit an implementation of the resolved method 'abstract void loadSystemProperties()' of abstract class org.openqa.selenium.remote.service.DriverService$Builder.
at org.openqa.selenium.remote.service.DriverService$Builder.build(DriverService.java:504)
at appiumtests.OpenCalculator.Test(OpenCalculator.java:30)
at java.base/jdk.internal.reflect.NativeMethodAccessorImpl.invoke0(Native Method)
at java.base/jdk.internal.reflect.NativeMethodAccessorImpl.invoke(NativeMethodAccessorImpl.java:77)
at java.base/jdk.internal.reflect.DelegatingMethodAccessorImpl.invoke(DelegatingMethodAccessorImpl.java:43)
at java.base/java.lang.reflect.Method.invoke(Method.java:568)
at org.testng.internal.invokers.MethodInvocationHelper.invokeMethod(MethodInvocationHelper.java:139)
at org.testng.internal.invokers.TestInvoker.invokeMethod(TestInvoker.java:664)
at org.testng.internal.invokers.TestInvoker.invokeTestMethod(TestInvoker.java:228)
at org.testng.internal.invokers.MethodRunner.runInSequence(MethodRunner.java:63)
at org.testng.internal.invokers.TestInvoker$MethodInvocationAgent.invoke(TestInvoker.java:961)
at org.testng.internal.invokers.TestInvoker.invokeTestMethods(TestInvoker.java:201)
at org.testng.internal.invokers.TestMethodWorker.invokeTestMethods(TestMethodWorker.java:148)
at org.testng.internal.invokers.TestMethodWorker.run(TestMethodWorker.java:128)
at java.base/java.util.ArrayList.forEach(ArrayList.java:1511)
at org.testng.TestRunner.privateRun(TestRunner.java:819)
at org.testng.TestRunner.run(TestRunner.java:619)
at org.testng.SuiteRunner.runTest(SuiteRunner.java:443)
at org.testng.SuiteRunner.runSequentially(SuiteRunner.java:437)
at org.testng.SuiteRunner.privateRun(SuiteRunner.java:397)
at org.testng.SuiteRunner.run(SuiteRunner.java:336)
at org.testng.SuiteRunnerWorker.runSuite(SuiteRunnerWorker.java:52)
at org.testng.SuiteRunnerWorker.run(SuiteRunnerWorker.java:95)
at org.testng.TestNG.runSuitesSequentially(TestNG.java:1301)
at org.testng.TestNG.runSuitesLocally(TestNG.java:1228)
at org.testng.TestNG.runSuites(TestNG.java:1134)
at org.testng.TestNG.run(TestNG.java:1101)
at org.testng.remote.AbstractRemoteTestNG.run(AbstractRemoteTestNG.java:115)
at org.testng.remote.RemoteTestNG.initAndRun(RemoteTestNG.java:251)
at org.testng.remote.RemoteTestNG.main(RemoteTestNG.java:77)
]]>
            </full-stacktrace>
          </exception> <!-- java.lang.AbstractMethodError -->
          <reporter-output>
          </reporter-output>
        </test-method> <!-- Test -->
      </class> <!-- appiumtests.OpenCalculator -->
    </test> <!-- Default test -->
  </suite> <!-- Default suite -->
</testng-results>
